[18:32:30] [Client thread/INFO]: Setting user: Player965
[18:32:39] [Client thread/WARN]: Skipping bad option: lastServer:
[18:32:39] [Client thread/INFO]: LWJGL Version: 2.9.4
[18:32:41] [Client thread/INFO]: [STDOUT]: ---- Minecraft Crash Report ----
// This doesn't make any sense!

Time: 1/4/17 6:32 PM
Description: Loading screen debug info

This is just a prompt for computer specs to be printed. THIS IS NOT A ERROR


A detailed walkthrough of the error, its code path and all known details is as follows:
---------------------------------------------------------------------------------------

-- System Details --
Details:
	Minecraft Version: 1.11
	Operating System: Windows 10 (amd64) version 10.0
	Java Version: 1.8.0_65, Oracle Corporation
	Java VM Version: Java HotSpot(TM) 64-Bit Server VM (mixed mode), Oracle Corporation
	Memory: 583755616 bytes (556 MB) / 857210880 bytes (817 MB) up to 3646423040 bytes (3477 MB)
	JVM Flags: 0 total; 
	IntCache: cache: 0, tcache: 0, allocated: 0, tallocated: 0
	FML: 
	Loaded coremods (and transformers): 
	GL info: ' Vendor: 'Intel' Version: '4.3.0 - Build 10.18.15.4268' Renderer: 'Intel(R) HD Graphics 4600'
[18:32:47] [Client thread/INFO]: Reloading ResourceManager: Default, FMLFileResourcePack:Forge Mod Loader, FMLFileResourcePack:Minecraft Forge, FMLFileResourcePack:Friction
[18:32:54] [Sound Library Loader/INFO]: Starting up SoundSystem...
[18:32:54] [Thread-8/INFO]: Initializing LWJGL OpenAL
[18:32:54] [Thread-8/INFO]: (The LWJGL binding of OpenAL.  For more information, see http://www.lwjgl.org)
[18:32:54] [Thread-8/INFO]: OpenAL initialized.
[18:32:54] [Sound Library Loader/INFO]: Sound engine started
[18:33:02] [Client thread/INFO]: Created: 16x16 textures-atlas
[18:33:06] [Client thread/INFO]: Reloading ResourceManager: Default, FMLFileResourcePack:Forge Mod Loader, FMLFileResourcePack:Minecraft Forge, FMLFileResourcePack:Friction
[18:33:13] [Client thread/INFO]: SoundSystem shutting down...
[18:33:13] [Client thread/WARN]: Author: Paul Lamb, www.paulscode.com
[18:33:13] [Sound Library Loader/INFO]: Starting up SoundSystem...
[18:33:13] [Thread-10/INFO]: Initializing LWJGL OpenAL
[18:33:13] [Thread-10/INFO]: (The LWJGL binding of OpenAL.  For more information, see http://www.lwjgl.org)
[18:33:13] [Thread-10/INFO]: OpenAL initialized.
[18:33:14] [Sound Library Loader/INFO]: Sound engine started
[18:33:21] [Client thread/INFO]: Created: 512x512 textures-atlas
[18:33:24] [Client thread/WARN]: Skipping bad option: lastServer:
[18:33:25] [Realms Notification Availability checker #1/INFO]: Could not authorize you against Realms server: Invalid session id
[18:33:32] [Server thread/INFO]: Starting integrated minecraft server version 1.11
[18:33:32] [Server thread/INFO]: Generating keypair
[18:33:33] [Server thread/INFO]: Preparing start region for level 0
[18:33:34] [Server thread/INFO]: Preparing spawn area: 18%
[18:33:36] [Server thread/INFO]: Changing view distance to 12, from 10
[18:33:38] [Server thread/INFO]: Player965[local:E:21c2e50b] logged in with entity id 174 at (-670.130956023957, 4.0, 664.8477554199021)
[18:33:38] [Server thread/INFO]: Player965 joined the game
[18:33:41] [Server thread/INFO]: Saving and pausing game...
[18:33:41] [Server thread/INFO]: Saving chunks for level 'New World'/Overworld
[18:33:41] [Server thread/INFO]: Saving chunks for level 'New World'/Nether
[18:33:41] [Server thread/INFO]: Saving chunks for level 'New World'/The End
[18:33:41] [Server thread/WARN]: Can't keep up! Did the system time change, or is the server overloaded? Running 2203ms behind, skipping 44 tick(s)
[18:33:41] [pool-2-thread-1/WARN]: Couldn't look up profile properties for com.mojang.authlib.GameProfile@3b171f7[id=2797ecaf-07ab-3788-a2f8-6002cfc50e1d,name=Player965,properties={},legacy=false]
com.mojang.authlib.exceptions.AuthenticationException: The client has sent too many requests within a certain amount of time
	at com.mojang.authlib.yggdrasil.YggdrasilAuthenticationService.makeRequest(YggdrasilAuthenticationService.java:79) ~[YggdrasilAuthenticationService.class:?]
	at com.mojang.authlib.yggdrasil.YggdrasilMinecraftSessionService.fillGameProfile(YggdrasilMinecraftSessionService.java:180) [YggdrasilMinecraftSessionService.class:?]
	at com.mojang.authlib.yggdrasil.YggdrasilMinecraftSessionService$1.load(YggdrasilMinecraftSessionService.java:60) [YggdrasilMinecraftSessionService$1.class:?]
	at com.mojang.authlib.yggdrasil.YggdrasilMinecraftSessionService$1.load(YggdrasilMinecraftSessionService.java:57) [YggdrasilMinecraftSessionService$1.class:?]
	at com.google.common.cache.LocalCache$LoadingValueReference.loadFuture(LocalCache.java:3524) [guava-17.0.jar:?]
	at com.google.common.cache.LocalCache$Segment.loadSync(LocalCache.java:2317) [guava-17.0.jar:?]
	at com.google.common.cache.LocalCache$Segment.lockedGetOrLoad(LocalCache.java:2280) [guava-17.0.jar:?]
	at com.google.common.cache.LocalCache$Segment.get(LocalCache.java:2195) [guava-17.0.jar:?]
	at com.google.common.cache.LocalCache.get(LocalCache.java:3934) [guava-17.0.jar:?]
	at com.google.common.cache.LocalCache.getOrLoad(LocalCache.java:3938) [guava-17.0.jar:?]
	at com.google.common.cache.LocalCache$LocalLoadingCache.get(LocalCache.java:4821) [guava-17.0.jar:?]
	at com.google.common.cache.LocalCache$LocalLoadingCache.getUnchecked(LocalCache.java:4827) [guava-17.0.jar:?]
	at com.mojang.authlib.yggdrasil.YggdrasilMinecraftSessionService.fillProfileProperties(YggdrasilMinecraftSessionService.java:170) [YggdrasilMinecraftSessionService.class:?]
	at net.minecraft.client.Minecraft.getProfileProperties(Minecraft.java:3054) [Minecraft.class:?]
	at net.minecraft.client.resources.SkinManager$3.run(SkinManager.java:138) [SkinManager$3.class:?]
	at java.util.concurrent.Executors$RunnableAdapter.call(Executors.java:511) [?:1.8.0_65]
	at java.util.concurrent.FutureTask.run(FutureTask.java:266) [?:1.8.0_65]
	at java.util.concurrent.ThreadPoolExecutor.runWorker(ThreadPoolExecutor.java:1142) [?:1.8.0_65]
	at java.util.concurrent.ThreadPoolExecutor$Worker.run(ThreadPoolExecutor.java:617) [?:1.8.0_65]
	at java.lang.Thread.run(Thread.java:745) [?:1.8.0_65]
[18:33:47] [Server thread/INFO]: Saving and pausing game...
[18:33:47] [Server thread/INFO]: Saving chunks for level 'New World'/Overworld
[18:33:47] [Server thread/INFO]: Saving chunks for level 'New World'/Nether
[18:33:47] [Server thread/INFO]: Saving chunks for level 'New World'/The End
[18:33:48] [Server thread/INFO]: Stopping server
[18:33:48] [Server thread/INFO]: Saving players
[18:33:48] [Server thread/INFO]: Player965 lost connection: TextComponent{text='Disconnected', siblings=[], style=Style{hasParent=false, color=null, bold=null, italic=null, underlined=null, obfuscated=null, clickEvent=null, hoverEvent=null, insertion=null}}
[18:33:48] [Server thread/INFO]: Player965 left the game
[18:33:48] [Server thread/INFO]: Stopping singleplayer server as player logged out
[18:33:48] [Server thread/INFO]: Saving worlds
[18:33:48] [Server thread/INFO]: Saving chunks for level 'New World'/Overworld
[18:33:48] [Server thread/INFO]: Saving chunks for level 'New World'/Nether
[18:33:48] [Server thread/INFO]: Saving chunks for level 'New World'/The End
[18:33:51] [Client thread/INFO]: Stopping!
[18:33:51] [Client thread/INFO]: SoundSystem shutting down...
[18:33:51] [Client thread/WARN]: Author: Paul Lamb, www.paulscode.com
